<?xml version="1.0" encoding="UTF-8"?>
<testng-results ignored="0" total="1" passed="1" failed="0" skipped="0">
  <reporter-output>
  </reporter-output>
  <suite started-at="2020-10-24T15:20:08 IST" name="Default suite" finished-at="2020-10-24T15:20:08 IST" duration-ms="69">
    <groups>
    </groups>
    <test started-at="2020-10-24T15:20:08 IST" name="Default test" finished-at="2020-10-24T15:20:08 IST" duration-ms="69">
      <class name="demoJava">
        <test-method signature="m()[pri:0, instance:demoJava@4470f8a6]" started-at="2020-10-24T15:20:08 IST" name="m" finished-at="2020-10-24T15:20:08 IST" duration-ms="15" status="PASS">
          <reporter-output>
          </reporter-output>
        </test-method> <!-- m -->
      </class> <!-- demoJava -->
    </test> <!-- Default test -->
  </suite> <!-- Default suite -->
</testng-results>
