<?xml version="1.0" encoding="UTF-8"?>
<testng-results ignored="0" total="1" passed="1" failed="0" skipped="0">
  <reporter-output>
  </reporter-output>
  <suite started-at="2020-10-23T19:04:51 IST" name="Suite" finished-at="2020-10-23T19:04:51 IST" duration-ms="159">
    <groups>
    </groups>
    <test started-at="2020-10-23T19:04:51 IST" name="Test" finished-at="2020-10-23T19:04:51 IST" duration-ms="159">
      <class name="demoJava">
        <test-method signature="m()[pri:0, instance:demoJava@4470f8a6]" started-at="2020-10-23T19:04:51 IST" name="m" finished-at="2020-10-23T19:04:51 IST" duration-ms="16" status="PASS">
          <reporter-output>
          </reporter-output>
        </test-method> <!-- m -->
      </class> <!-- demoJava -->
    </test> <!-- Test -->
  </suite> <!-- Suite -->
</testng-results>
